<?xml version="1.0" encoding="UTF-8"?>
<testng-results skipped="0" failed="0" total="1" passed="1">
  <reporter-output>
  </reporter-output>
  <suite name="Default suite" duration-ms="9643" started-at="2018-06-25T13:18:58Z" finished-at="2018-06-25T13:19:07Z">
    <groups>
    </groups>
    <test name="Default test" duration-ms="9643" started-at="2018-06-25T13:18:58Z" finished-at="2018-06-25T13:19:07Z">
      <class name="com.qait.tap.hristest.NewEmptyTestNGTest">
        <test-method status="PASS" signature="launchBrowser()[pri:0, instance:com.qait.tap.hristest.NewEmptyTestNGTest@7dc7cbad]" name="launchBrowser" is-config="true" duration-ms="6415" started-at="2018-06-25T18:48:58Z" finished-at="2018-06-25T18:49:04Z">
          <reporter-output>
          </reporter-output>
        </test-method> <!-- launchBrowser -->
        <test-method status="PASS" signature="login_with_correct_credentials()[pri:0, instance:com.qait.tap.hristest.NewEmptyTestNGTest@7dc7cbad]" name="login_with_correct_credentials" duration-ms="3215" started-at="2018-06-25T18:49:04Z" finished-at="2018-06-25T18:49:07Z">
          <reporter-output>
          </reporter-output>
        </test-method> <!-- login_with_correct_credentials -->
        <test-method status="PASS" signature="closeBrowser()[pri:0, instance:com.qait.tap.hristest.NewEmptyTestNGTest@7dc7cbad]" name="closeBrowser" is-config="true" duration-ms="0" started-at="2018-06-25T18:49:07Z" finished-at="2018-06-25T18:49:07Z">
          <reporter-output>
          </reporter-output>
        </test-method> <!-- closeBrowser -->
      </class> <!-- com.qait.tap.hristest.NewEmptyTestNGTest -->
    </test> <!-- Default test -->
  </suite> <!-- Default suite -->
</testng-results>
